Arguments: 
  C:\local\node-v14.17.5-win-x64\node.exe C:\local\node-v14.17.5-win-x64\node_modules\yarn\bin\yarn.js init

PATH: 
  C:\Python27;C:\Program Files (x86)\Common Files\Oracle\Java\javapath;C:\WINDOWS\system32;C:\WINDOWS;C:\WINDOWS\System32\Wbem;C:\WINDOWS\System32\WindowsPowerShell\v1.0\;C:\WINDOWS\System32\OpenSSH\;C:\Program Files\Git\cmd;C:\Program Files\WireGuard\;C:\Python36\Scripts\;C:\Python36\;C:\Users\bigo\AppData\Local\Microsoft\WindowsApps;C:\local;C:\Python27;C:\Python27\Scripts;C:\local\node-v14.17.5-win-x64;C:\local\go\bin;C:\local\apache-maven-3.3.9\bin;

Yarn version: 
  1.22.11

Node version: 
  14.17.5

Platform: 
  win32 x64

Trace: 
  Error: canceled
      at Interface.<anonymous> (C:\local\node-v14.17.5-win-x64\node_modules\yarn\lib\cli.js:137023:13)
      at Interface.emit (events.js:400:28)
      at Interface._ttyWrite (readline.js:910:16)
      at ReadStream.onkeypress (readline.js:235:10)
      at ReadStream.emit (events.js:400:28)
      at emitKeys (internal/readline/utils.js:358:14)
      at emitKeys.next (<anonymous>)
      at ReadStream.onData (readline.js:1179:36)
      at ReadStream.emit (events.js:400:28)
      at addChunk (internal/streams/readable.js:290:12)

npm manifest: 
  No manifest

yarn manifest: 
  No manifest

Lockfile: 
  No lockfile
